Type,Time,Message
Error,1581394277,This is a sample log entry. Curious if its working.
Warn,1581394277,Schools is optimized for learning testing and training.
Info,1581394277,This is a sample log entry. Curious if its working.
Error,1581394277,This is a sample log entry. Curious if its working.
Warn,1581394277,This is a sample log entry. Curious if its working.
Info,1581394277,This is a sample log entry. Curious if its working.
Error,1581394277,This is a sample log entry. Curious if its working.
Warn,1581394277,This is a sample log entry. Curious if its working.
Info,1581394277,This is a sample log entry. Curious if its working.
Error,1581394277,This is a sample log entry. Curious if its working.
Warn,1581394277,This is a sample log entry. Curious if its working.
Info,1581394277,This is a sample log entry. Curious if its working.
Error,1581394277,This is a sample log entry. Curious if its working.
Warn,1581394277,This is a sample log entry. Curious if its working.
Info,1581394277,This is a sample log entry. Curious if its working.
Error,1581394277,This is a sample log entry. Curious if its working.
Warn,1581394277,This is a sample log entry. Curious if its working.
Info,1581394277,This is a sample log entry. Curious if its working.
Error,1581394277,This is a sample log entry. Curious if its working.
Warn,1581394277,This is a sample log entry. Curious if its working.
Info,1581394277,This is a sample log entry. Curious if its working.
Error,1581394277,This is a sample log entry. Curious if its working.
Warn,1581394277,This is a sample log entry. Curious if its working.
Info,1581394277,This is a sample log entry. Curious if its working.
Error,1581394277,This is a sample log entry. Curious if its working.
Warn,1581394277,This is a sample log entry. Curious if its working.
Info,1581394277,This is a sample log entry. Curious if its working.
Error,1581394277,This is a sample log entry. Curious if its working.
Warn,1581394277,This is a sample log entry. Curious if its working.
Info,1581394277,This is a sample log entry. Curious if its working.
Error,1581394277,This is a sample log entry. Curious if its working.
Warn,1581394277,This is a sample log entry. Curious if its working.
Info,1581394277,This is a sample log entry. Curious if its working.
Error,1581394277,This is a sample log entry. Curious if its working.
Warn,1581394277,This is a sample log entry. Curious if its working.
Info,1581394277,This is a sample log entry. Curious if its working.
